step-6-done/android/app/build/outputs/logs/manifest-merger-release-report.txt
-- Merging decision tree log ---
manifest
ADDED from src/main/AndroidManifest.xml:1:1-28:12
INJECTED from src/main/AndroidManifest.xml:1:1-28:12
INJECTED from src/main/AndroidManifest.xml:1:1-28:12
INJECTED from src/main/AndroidManifest.xml:1:1-28:12
MERGED from [:react-native-onesignal] AndroidManifest.xml:2:1-7:12
MERGED from [:react-native-image-picker] AndroidManifest.xml:2:1-23:12
MERGED from [:react-native-vector-icons] AndroidManifest.xml:2:1-11:12
MERGED from [com.facebook.react:react-native:0.55.4] AndroidManifest.xml:2:1-15:12
MERGED from [com.android.support:appcompat-v7:26.0.2] AndroidManifest.xml:17:1-31:12
MERGED from [com.onesignal:OneSignal:3.10.1] AndroidManifest.xml:2:1-108:12
MERGED from [com.android.support:animated-vector-drawable:26.0.2] AndroidManifest.xml:17:1-28:12
MERGED from [com.android.support:support-vector-drawable:26.0.2] AndroidManifest.xml:17:1-28:12
MERGED from [com.android.support:support-v4:26.0.2] AndroidManifest.xml:17:1-31:12
MERGED from [com.android.support:support-media-compat:26.0.2] AndroidManifest.xml:17:1-31:12
MERGED from [com.android.support:support-fragment:26.0.2] AndroidManifest.xml:17:1-31:12
MERGED from [com.android.support:support-core-utils:26.0.2] AndroidManifest.xml:17:1-31:12
MERGED from [com.android.support:support-core-ui:26.0.2] AndroidManifest.xml:17:1-31:12
MERGED from [com.android.support:support-compat:26.0.2] AndroidManifest.xml:17:1-31:12
MERGED from [com.facebook.fbui.textlayoutbuilder:textlayoutbuilder:1.0.0] AndroidManifest.xml:10:1-18:12
MERGED from [com.facebook.fresco:fresco:1.3.0] AndroidManifest.xml:2:1-9:12
MERGED from [com.facebook.fresco:imagepipeline-okhttp3:1.3.0] AndroidManifest.xml:2:1-9:12
MERGED from [com.facebook.soloader:soloader:0.1.0] AndroidManifest.xml:1:1-4:12
MERGED from [org.webkit:android-jsc:r174650] AndroidManifest.xml:1:1-3:12
MERGED from [com.google.firebase:firebase-messaging:12.0.1] AndroidManifest.xml:17:1-37:12
MERGED from [com.google.android.gms:play-services-location:12.0.1] AndroidManifest.xml:2:1-9:12
MERGED from [com.google.android.gms:play-services-base:12.0.1] AndroidManifest.xml:17:1-29:12
MERGED from [com.facebook.fresco:drawee:1.3.0] AndroidManifest.xml:2:1-9:12
MERGED from [com.facebook.fresco:imagepipeline:1.3.0] AndroidManifest.xml:2:1-9:12
MERGED from [com.facebook.fresco:imagepipeline-base:1.3.0] AndroidManifest.xml:2:1-9:12
MERGED from [com.facebook.fresco:fbcore:1.3.0] AndroidManifest.xml:2:1-9:12
MERGED from [com.google.firebase:firebase-iid:12.0.1] AndroidManifest.xml:17:1-59:12
MERGED from [com.google.firebase:firebase-common:12.0.1] AndroidManifest.xml:2:1-15:12
MERGED from [com.google.android.gms:play-services-tasks:12.0.1] AndroidManifest.xml:2:1-9:12
MERGED from [com.google.android.gms:play-services-basement:12.0.1] AndroidManifest.xml:17:1-28:12
MERGED from [com.google.firebase:firebase-messaging-license:12.0.1] AndroidManifest.xml:17:1-24:12
MERGED from [com.google.android.gms:play-services-location-license:12.0.1] AndroidManifest.xml:17:1-24:12
MERGED from [com.google.android.gms:play-services-base-license:12.0.1] AndroidManifest.xml:17:1-24:12
MERGED from [com.google.firebase:firebase-iid-license:12.0.1] AndroidManifest.xml:17:1-24:12
MERGED from [com.google.android.gms:play-services-basement-license:12.0.1] AndroidManifest.xml:17:1-24:12
MERGED from [com.google.firebase:firebase-common-license:12.0.1] AndroidManifest.xml:17:1-24:12
MERGED from [com.google.android.gms:play-services-tasks-license:12.0.1] AndroidManifest.xml:17:1-24:12
INJECTED from src/main/AndroidManifest.xml:1:1-28:12
INJECTED from src/main/AndroidManifest.xml:1:1-28:12
INJECTED from src/main/AndroidManifest.xml:1:1-28:12
	package
		ADDED from src/main/AndroidManifest.xml:2:5-38
		INJECTED from src/main/AndroidManifest.xml
		INJECTED from src/main/AndroidManifest.xml
	android:versionName
		INJECTED from src/main/AndroidManifest.xml
		ADDED from src/main/AndroidManifest.xml:1:1-28:12
		INJECTED from src/main/AndroidManifest.xml
	android:versionCode
		INJECTED from src/main/AndroidManifest.xml
		ADDED from src/main/AndroidManifest.xml:1:1-28:12
		INJECTED from src/main/AndroidManifest.xml
	xmlns:android
		ADDED from src/main/AndroidManifest.xml:1:11-69
uses-permission#android.permission.INTERNET
ADDED from src/main/AndroidManifest.xml:4:5-67
MERGED from [com.onesignal:OneSignal:3.10.1] AndroidManifest.xml:17:5-67
MERGED from [com.onesignal:OneSignal:3.10.1] AndroidManifest.xml:17:5-67
MERGED from [com.google.firebase:firebase-iid:12.0.1] AndroidManifest.xml:23:5-67
MERGED from [com.google.firebase:firebase-iid:12.0.1] AndroidManifest.xml:23:5-67
	android:name
		ADDED from src/main/AndroidManifest.xml:4:22-64
uses-permission#android.permission.SYSTEM_ALERT_WINDOW
ADDED from src/main/AndroidManifest.xml:5:5-77
MERGED from [com.facebook.react:react-native:0.55.4] AndroidManifest.xml:11:5-78
MERGED from [com.facebook.react:react-native:0.55.4] AndroidManifest.xml:11:5-78
	android:name
		ADDED from src/main/AndroidManifest.xml:5:22-75
uses-permission#android.permission.CAMERA
ADDED from src/main/AndroidManifest.xml:6:5-65
	android:name
		ADDED from src/main/AndroidManifest.xml:6:22-62
uses-permission#android.permission.WRITE_EXTERNAL_STORAGE
ADDED from src/main/AndroidManifest.xml:7:5-80
	android:name
		ADDED from src/main/AndroidManifest.xml:7:22-78
application
ADDED from src/main/AndroidManifest.xml:9:5-26:19
MERGED from [:react-native-image-picker] AndroidManifest.xml:11:5-21:19
MERGED from [:react-native-image-picker] AndroidManifest.xml:11:5-21:19
MERGED from [com.facebook.react:react-native:0.55.4] AndroidManifest.xml:13:5-20
MERGED from [com.facebook.react:react-native:0.55.4] AndroidManifest.xml:13:5-20
MERGED from [com.android.support:appcompat-v7:26.0.2] AndroidManifest.xml:25:5-29:19
MERGED from [com.android.support:appcompat-v7:26.0.2] AndroidManifest.xml:25:5-29:19
MERGED from [com.onesignal:OneSignal:3.10.1] AndroidManifest.xml:49:5-106:19
MERGED from [com.onesignal:OneSignal:3.10.1] AndroidManifest.xml:49:5-106:19
MERGED from [com.android.support:animated-vector-drawable:26.0.2] AndroidManifest.xml:22:5-26:19
MERGED from [com.android.support:animated-vector-drawable:26.0.2] AndroidManifest.xml:22:5-26:19
MERGED from [com.android.support:support-vector-drawable:26.0.2] AndroidManifest.xml:22:5-26:19
MERGED from [com.android.support:support-vector-drawable:26.0.2] AndroidManifest.xml:22:5-26:19
MERGED from [com.android.support:support-v4:26.0.2] AndroidManifest.xml:25:5-29:19
MERGED from [com.android.support:support-v4:26.0.2] AndroidManifest.xml:25:5-29:19
MERGED from [com.android.support:support-media-compat:26.0.2] AndroidManifest.xml:25:5-29:19
MERGED from [com.android.support:support-media-compat:26.0.2] AndroidManifest.xml:25:5-29:19
MERGED from [com.android.support:support-fragment:26.0.2] AndroidManifest.xml:25:5-29:19
MERGED from [com.android.support:support-fragment:26.0.2] AndroidManifest.xml:25:5-29:19
MERGED from [com.android.support:support-core-utils:26.0.2] AndroidManifest.xml:25:5-29:19
MERGED from [com.android.support:support-core-utils:26.0.2] AndroidManifest.xml:25:5-29:19
MERGED from [com.android.support:support-core-ui:26.0.2] AndroidManifest.xml:25:5-29:19
MERGED from [com.android.support:support-core-ui:26.0.2] AndroidManifest.xml:25:5-29:19
MERGED from [com.android.support:support-compat:26.0.2] AndroidManifest.xml:25:5-29:19
MERGED from [com.android.support:support-compat:26.0.2] AndroidManifest.xml:25:5-29:19
MERGED from [com.facebook.soloader:soloader:0.1.0] AndroidManifest.xml:3:3-17
MERGED from [com.facebook.soloader:soloader:0.1.0] AndroidManifest.xml:3:3-17
MERGED from [org.webkit:android-jsc:r174650] AndroidManifest.xml:2:3-17
MERGED from [org.webkit:android-jsc:r174650] AndroidManifest.xml:2:3-17
MERGED from [com.google.firebase:firebase-messaging:12.0.1] AndroidManifest.xml:22:5-35:19
MERGED from [com.google.firebase:firebase-messaging:12.0.1] AndroidManifest.xml:22:5-35:19
MERGED from [com.google.android.gms:play-services-location:12.0.1] AndroidManifest.xml:7:5-20
MERGED from [com.google.android.gms:play-services-location:12.0.1] AndroidManifest.xml:7:5-20
MERGED from [com.google.android.gms:play-services-base:12.0.1] AndroidManifest.xml:22:5-27:19
MERGED from [com.google.android.gms:play-services-base:12.0.1] AndroidManifest.xml:22:5-27:19
MERGED from [com.google.firebase:firebase-iid:12.0.1] AndroidManifest.xml:34:5-57:19
MERGED from [com.google.firebase:firebase-iid:12.0.1] AndroidManifest.xml:34:5-57:19
MERGED from [com.google.firebase:firebase-common:12.0.1] AndroidManifest.xml:7:5-13:19
MERGED from [com.google.firebase:firebase-common:12.0.1] AndroidManifest.xml:7:5-13:19
MERGED from [com.google.android.gms:play-services-tasks:12.0.1] AndroidManifest.xml:7:5-20
MERGED from [com.google.android.gms:play-services-tasks:12.0.1] AndroidManifest.xml:7:5-20
MERGED from [com.google.android.gms:play-services-basement:12.0.1] AndroidManifest.xml:22:5-26:19
MERGED from [com.google.android.gms:play-services-basement:12.0.1] AndroidManifest.xml:22:5-26:19
MERGED from [com.google.firebase:firebase-messaging-license:12.0.1] AndroidManifest.xml:22:5-20
MERGED from [com.google.firebase:firebase-messaging-license:12.0.1] AndroidManifest.xml:22:5-20
MERGED from [com.google.android.gms:play-services-location-license:12.0.1] AndroidManifest.xml:22:5-20
MERGED from [com.google.android.gms:play-services-location-license:12.0.1] AndroidManifest.xml:22:5-20
MERGED from [com.google.android.gms:play-services-base-license:12.0.1] AndroidManifest.xml:22:5-20
MERGED from [com.google.android.gms:play-services-base-license:12.0.1] AndroidManifest.xml:22:5-20
MERGED from [com.google.firebase:firebase-iid-license:12.0.1] AndroidManifest.xml:22:5-20
MERGED from [com.google.firebase:firebase-iid-license:12.0.1] AndroidManifest.xml:22:5-20
MERGED from [com.google.android.gms:play-services-basement-license:12.0.1] AndroidManifest.xml:22:5-20
MERGED from [com.google.android.gms:play-services-basement-license:12.0.1] AndroidManifest.xml:22:5-20
MERGED from [com.google.firebase:firebase-common-license:12.0.1] AndroidManifest.xml:22:5-20
MERGED from [com.google.firebase:firebase-common-license:12.0.1] AndroidManifest.xml:22:5-20
MERGED from [com.google.android.gms:play-services-tasks-license:12.0.1] AndroidManifest.xml:22:5-20
MERGED from [com.google.android.gms:play-services-tasks-license:12.0.1] AndroidManifest.xml:22:5-20
	android:label
		ADDED from src/main/AndroidManifest.xml:11:7-39
	android:icon
		ADDED from src/main/AndroidManifest.xml:12:7-41
	android:allowBackup
		ADDED from src/main/AndroidManifest.xml:13:7-34
	android:theme
		ADDED from src/main/AndroidManifest.xml:14:7-38
	android:name
		ADDED from src/main/AndroidManifest.xml:10:7-38
activity#com.reactnativeworkshop.MainActivity
ADDED from src/main/AndroidManifest.xml:15:7-24:18
	android:label
		ADDED from src/main/AndroidManifest.xml:17:9-41
	android:windowSoftInputMode
		ADDED from src/main/AndroidManifest.xml:19:9-51
	android:configChanges
		ADDED from src/main/AndroidManifest.xml:18:9-79
	android:name
		ADDED from src/main/AndroidManifest.xml:16:9-37
intent-filter#android.intent.action.MAIN+android.intent.category.LAUNCHER
ADDED from src/main/AndroidManifest.xml:20:9-23:25
action#android.intent.action.MAIN
ADDED from src/main/AndroidManifest.xml:21:13-65
	android:name
		ADDED from src/main/AndroidManifest.xml:21:21-62
category#android.intent.category.LAUNCHER
ADDED from src/main/AndroidManifest.xml:22:13-73
	android:name
		ADDED from src/main/AndroidManifest.xml:22:23-70
activity#com.facebook.react.devsupport.DevSettingsActivity
ADDED from src/main/AndroidManifest.xml:25:7-84
	android:name
		ADDED from src/main/AndroidManifest.xml:25:17-81
uses-sdk
INJECTED from src/main/AndroidManifest.xml reason: use-sdk injection requested
INJECTED from src/main/AndroidManifest.xml
INJECTED from src/main/AndroidManifest.xml
MERGED from [:react-native-onesignal] AndroidManifest.xml:5:5-44
MERGED from [:react-native-onesignal] AndroidManifest.xml:5:5-44
MERGED from [:react-native-image-picker] AndroidManifest.xml:7:5-9:41
MERGED from [:react-native-image-picker] AndroidManifest.xml:7:5-9:41
MERGED from [:react-native-vector-icons] AndroidManifest.xml:7:5-9:41
MERGED from [:react-native-vector-icons] AndroidManifest.xml:7:5-9:41
MERGED from [com.facebook.react:react-native:0.55.4] AndroidManifest.xml:7:5-9:41
MERGED from [com.facebook.react:react-native:0.55.4] AndroidManifest.xml:7:5-9:41
MERGED from [com.android.support:appcompat-v7:26.0.2] AndroidManifest.xml:21:5-23:78
MERGED from [com.android.support:appcompat-v7:26.0.2] AndroidManifest.xml:21:5-23:78
MERGED from [com.onesignal:OneSignal:3.10.1] AndroidManifest.xml:5:5-44
MERGED from [com.onesignal:OneSignal:3.10.1] AndroidManifest.xml:5:5-44
MERGED from [com.android.support:animated-vector-drawable:26.0.2] AndroidManifest.xml:20:5-44
MERGED from [com.android.support:animated-vector-drawable:26.0.2] AndroidManifest.xml:20:5-44
MERGED from [com.android.support:support-vector-drawable:26.0.2] AndroidManifest.xml:20:5-44
MERGED from [com.android.support:support-vector-drawable:26.0.2] AndroidManifest.xml:20:5-44
MERGED from [com.android.support:support-v4:26.0.2] AndroidManifest.xml:21:5-23:54
MERGED from [com.android.support:support-v4:26.0.2] AndroidManifest.xml:21:5-23:54
MERGED from [com.android.support:support-media-compat:26.0.2] AndroidManifest.xml:21:5-23:63
MERGED from [com.android.support:support-media-compat:26.0.2] AndroidManifest.xml:21:5-23:63
MERGED from [com.android.support:support-fragment:26.0.2] AndroidManifest.xml:21:5-23:60
MERGED from [com.android.support:support-fragment:26.0.2] AndroidManifest.xml:21:5-23:60
MERGED from [com.android.support:support-core-utils:26.0.2] AndroidManifest.xml:21:5-23:61
MERGED from [com.android.support:support-core-utils:26.0.2] AndroidManifest.xml:21:5-23:61
MERGED from [com.android.support:support-core-ui:26.0.2] AndroidManifest.xml:21:5-23:58
MERGED from [com.android.support:support-core-ui:26.0.2] AndroidManifest.xml:21:5-23:58
MERGED from [com.android.support:support-compat:26.0.2] AndroidManifest.xml:21:5-23:58
MERGED from [com.android.support:support-compat:26.0.2] AndroidManifest.xml:21:5-23:58
MERGED from [com.facebook.fbui.textlayoutbuilder:textlayoutbuilder:1.0.0] AndroidManifest.xml:14:5-16:41
MERGED from [com.facebook.fbui.textlayoutbuilder:textlayoutbuilder:1.0.0] AndroidManifest.xml:14:5-16:41
MERGED from [com.facebook.fresco:fresco:1.3.0] AndroidManifest.xml:5:5-7:41
MERGED from [com.facebook.fresco:fresco:1.3.0] AndroidManifest.xml:5:5-7:41
MERGED from [com.facebook.fresco:imagepipeline-okhttp3:1.3.0] AndroidManifest.xml:5:5-7:41
MERGED from [com.facebook.fresco:imagepipeline-okhttp3:1.3.0] AndroidManifest.xml:5:5-7:41
MERGED from [com.facebook.soloader:soloader:0.1.0] AndroidManifest.xml:2:3-70
MERGED from [com.facebook.soloader:soloader:0.1.0] AndroidManifest.xml:2:3-70
MERGED from [com.google.firebase:firebase-messaging:12.0.1] AndroidManifest.xml:20:5-44
MERGED from [com.google.firebase:firebase-messaging:12.0.1] AndroidManifest.xml:20:5-44
MERGED from [com.google.android.gms:play-services-location:12.0.1] AndroidManifest.xml:5:5-44
MERGED from [com.google.android.gms:play-services-location:12.0.1] AndroidManifest.xml:5:5-44
MERGED from [com.google.android.gms:play-services-base:12.0.1] AndroidManifest.xml:20:5-44
MERGED from [com.google.android.gms:play-services-base:12.0.1] AndroidManifest.xml:20:5-44
MERGED from [com.facebook.fresco:drawee:1.3.0] AndroidManifest.xml:5:5-7:41
MERGED from [com.facebook.fresco:drawee:1.3.0] AndroidManifest.xml:5:5-7:41
MERGED from [com.facebook.fresco:imagepipeline:1.3.0] AndroidManifest.xml:5:5-7:41
MERGED from [com.facebook.fresco:imagepipeline:1.3.0] AndroidManifest.xml:5:5-7:41
MERGED from [com.facebook.fresco:imagepipeline-base:1.3.0] AndroidManifest.xml:5:5-7:41
MERGED from [com.facebook.fresco:imagepipeline-base:1.3.0] AndroidManifest.xml:5:5-7:41
MERGED from [com.facebook.fresco:fbcore:1.3.0] AndroidManifest.xml:5:5-7:41
MERGED from [com.facebook.fresco:fbcore:1.3.0] AndroidManifest.xml:5:5-7:41
MERGED from [com.google.firebase:firebase-iid:12.0.1] AndroidManifest.xml:20:5-44
MERGED from [com.google.firebase:firebase-iid:12.0.1] AndroidManifest.xml:20:5-44
MERGED from [com.google.firebase:firebase-common:12.0.1] AndroidManifest.xml:5:5-44
MERGED from [com.google.firebase:firebase-common:12.0.1] AndroidManifest.xml:5:5-44
MERGED from [com.google.android.gms:play-services-tasks:12.0.1] AndroidManifest.xml:5:5-44
MERGED from [com.google.android.gms:play-services-tasks:12.0.1] AndroidManifest.xml:5:5-44
MERGED from [com.google.android.gms:play-services-basement:12.0.1] AndroidManifest.xml:20:5-44
MERGED from [com.google.android.gms:play-services-basement:12.0.1] AndroidManifest.xml:20:5-44
MERGED from [com.google.firebase:firebase-messaging-license:12.0.1] AndroidManifest.xml:20:5-44
MERGED from [com.google.firebase:firebase-messaging-license:12.0.1] AndroidManifest.xml:20:5-44
MERGED from [com.google.android.gms:play-services-location-license:12.0.1] AndroidManifest.xml:20:5-44
MERGED from [com.google.android.gms:play-services-location-license:12.0.1] AndroidManifest.xml:20:5-44
MERGED from [com.google.android.gms:play-services-base-license:12.0.1] AndroidManifest.xml:20:5-44
MERGED from [com.google.android.gms:play-services-base-license:12.0.1] AndroidManifest.xml:20:5-44
MERGED from [com.google.firebase:firebase-iid-license:12.0.1] AndroidManifest.xml:20:5-44
MERGED from [com.google.firebase:firebase-iid-license:12.0.1] AndroidManifest.xml:20:5-44
MERGED from [com.google.android.gms:play-services-basement-license:12.0.1] AndroidManifest.xml:20:5-44
MERGED from [com.google.android.gms:play-services-basement-license:12.0.1] AndroidManifest.xml:20:5-44
MERGED from [com.google.firebase:firebase-common-license:12.0.1] AndroidManifest.xml:20:5-44
MERGED from [com.google.firebase:firebase-common-license:12.0.1] AndroidManifest.xml:20:5-44
MERGED from [com.google.android.gms:play-services-tasks-license:12.0.1] AndroidManifest.xml:20:5-44
MERGED from [com.google.android.gms:play-services-tasks-license:12.0.1] AndroidManifest.xml:20:5-44
INJECTED from src/main/AndroidManifest.xml
INJECTED from src/main/AndroidManifest.xml
	tools:overrideLibrary
		ADDED from [com.android.support:appcompat-v7:26.0.2] AndroidManifest.xml:23:9-75
	android:targetSdkVersion
		INJECTED from src/main/AndroidManifest.xml
		ADDED from src/main/AndroidManifest.xml
		INJECTED from src/main/AndroidManifest.xml
	android:minSdkVersion
		INJECTED from src/main/AndroidManifest.xml
		ADDED from src/main/AndroidManifest.xml
		INJECTED from src/main/AndroidManifest.xml
provider#com.imagepicker.FileProvider
ADDED from [:react-native-image-picker] AndroidManifest.xml:12:9-20:20
	android:grantUriPermissions
		ADDED from [:react-native-image-picker] AndroidManifest.xml:16:13-47
	android:authorities
		ADDED from [:react-native-image-picker] AndroidManifest.xml:14:13-60
	android:exported
		ADDED from [:react-native-image-picker] AndroidManifest.xml:15:13-37
	android:name
		ADDED from [:react-native-image-picker] AndroidManifest.xml:13:13-56
meta-data#android.support.FILE_PROVIDER_PATHS
ADDED from [:react-native-image-picker] AndroidManifest.xml:17:13-19:58
	android:resource
		ADDED from [:react-native-image-picker] AndroidManifest.xml:19:17-55
	android:name
		ADDED from [:react-native-image-picker] AndroidManifest.xml:18:17-67
meta-data#android.support.VERSION
ADDED from [com.android.support:appcompat-v7:26.0.2] AndroidManifest.xml:26:9-28:38
MERGED from [com.android.support:animated-vector-drawable:26.0.2] AndroidManifest.xml:23:9-25:38
MERGED from [com.android.support:animated-vector-drawable:26.0.2] AndroidManifest.xml:23:9-25:38
MERGED from [com.android.support:support-vector-drawable:26.0.2] AndroidManifest.xml:23:9-25:38
MERGED from [com.android.support:support-vector-drawable:26.0.2] AndroidManifest.xml:23:9-25:38
MERGED from [com.android.support:support-v4:26.0.2] AndroidManifest.xml:26:9-28:38
MERGED from [com.android.support:support-v4:26.0.2] AndroidManifest.xml:26:9-28:38
MERGED from [com.android.support:support-media-compat:26.0.2] AndroidManifest.xml:26:9-28:38
MERGED from [com.android.support:support-media-compat:26.0.2] AndroidManifest.xml:26:9-28:38
MERGED from [com.android.support:support-fragment:26.0.2] AndroidManifest.xml:26:9-28:38
MERGED from [com.android.support:support-fragment:26.0.2] AndroidManifest.xml:26:9-28:38
MERGED from [com.android.support:support-core-utils:26.0.2] AndroidManifest.xml:26:9-28:38
MERGED from [com.android.support:support-core-utils:26.0.2] AndroidManifest.xml:26:9-28:38
MERGED from [com.android.support:support-core-ui:26.0.2] AndroidManifest.xml:26:9-28:38
MERGED from [com.android.support:support-core-ui:26.0.2] AndroidManifest.xml:26:9-28:38
MERGED from [com.android.support:support-compat:26.0.2] AndroidManifest.xml:26:9-28:38
MERGED from [com.android.support:support-compat:26.0.2] AndroidManifest.xml:26:9-28:38
	android:value
		ADDED from [com.android.support:appcompat-v7:26.0.2] AndroidManifest.xml:28:13-35
	android:name
		ADDED from [com.android.support:appcompat-v7:26.0.2] AndroidManifest.xml:27:13-51
permission#${applicationId}.permission.C2D_MESSAGE
ADDED from [com.onesignal:OneSignal:3.10.1] AndroidManifest.xml:8:5-10:47
MERGED from [com.google.firebase:firebase-iid:12.0.1] AndroidManifest.xml:28:5-30:47
MERGED from [com.google.firebase:firebase-iid:12.0.1] AndroidManifest.xml:28:5-30:47
	android:protectionLevel
		ADDED from [com.onesignal:OneSignal:3.10.1] AndroidManifest.xml:10:9-44
	android:name
		ADDED from [com.onesignal:OneSignal:3.10.1] AndroidManifest.xml:9:9-63
permission#com.reactnativeworkshop.permission.C2D_MESSAGE
ADDED from [com.onesignal:OneSignal:3.10.1] AndroidManifest.xml:8:5-10:47
MERGED from [com.google.firebase:firebase-iid:12.0.1] AndroidManifest.xml:28:5-30:47
MERGED from [com.google.firebase:firebase-iid:12.0.1] AndroidManifest.xml:28:5-30:47
	android:protectionLevel
		ADDED from [com.onesignal:OneSignal:3.10.1] AndroidManifest.xml:10:9-44
	android:name
		ADDED from [com.onesignal:OneSignal:3.10.1] AndroidManifest.xml:9:9-63
uses-permission#${applicationId}.permission.C2D_MESSAGE
ADDED from [com.onesignal:OneSignal:3.10.1] AndroidManifest.xml:12:5-79
MERGED from [com.google.firebase:firebase-iid:12.0.1] AndroidManifest.xml:32:5-79
MERGED from [com.google.firebase:firebase-iid:12.0.1] AndroidManifest.xml:32:5-79
	android:name
		ADDED from [com.onesignal:OneSignal:3.10.1] AndroidManifest.xml:12:22-76
uses-permission#com.reactnativeworkshop.permission.C2D_MESSAGE
ADDED from [com.onesignal:OneSignal:3.10.1] AndroidManifest.xml:12:5-79
MERGED from [com.google.firebase:firebase-iid:12.0.1] AndroidManifest.xml:32:5-79
MERGED from [com.google.firebase:firebase-iid:12.0.1] AndroidManifest.xml:32:5-79
	android:name
		ADDED from [com.onesignal:OneSignal:3.10.1] AndroidManifest.xml:12:22-76
uses-permission#com.google.android.c2dm.permission.RECEIVE
ADDED from [com.onesignal:OneSignal:3.10.1] AndroidManifest.xml:18:5-82
MERGED from [com.google.firebase:firebase-iid:12.0.1] AndroidManifest.xml:26:5-82
MERGED from [com.google.firebase:firebase-iid:12.0.1] AndroidManifest.xml:26:5-82
	android:name
		ADDED from [com.onesignal:OneSignal:3.10.1] AndroidManifest.xml:18:22-79
uses-permission#android.permission.WAKE_LOCK
ADDED from [com.onesignal:OneSignal:3.10.1] AndroidManifest.xml:19:5-68
MERGED from [com.google.firebase:firebase-iid:12.0.1] AndroidManifest.xml:24:5-68
MERGED from [com.google.firebase:firebase-iid:12.0.1] AndroidManifest.xml:24:5-68
	android:name
		ADDED from [com.onesignal:OneSignal:3.10.1] AndroidManifest.xml:19:22-65
uses-permission#android.permission.VIBRATE
ADDED from [com.onesignal:OneSignal:3.10.1] AndroidManifest.xml:24:5-66
	android:name
		ADDED from [com.onesignal:OneSignal:3.10.1] AndroidManifest.xml:24:22-63
uses-permission#android.permission.ACCESS_NETWORK_STATE
ADDED from [com.onesignal:OneSignal:3.10.1] AndroidManifest.xml:25:5-79
MERGED from [com.google.firebase:firebase-iid:12.0.1] AndroidManifest.xml:22:5-79
MERGED from [com.google.firebase:firebase-iid:12.0.1] AndroidManifest.xml:22:5-79
	android:name
		ADDED from [com.onesignal:OneSignal:3.10.1] AndroidManifest.xml:25:22-76
uses-permission#android.permission.RECEIVE_BOOT_COMPLETED
ADDED from [com.onesignal:OneSignal:3.10.1] AndroidManifest.xml:30:5-81
	android:name
		ADDED from [com.onesignal:OneSignal:3.10.1] AndroidManifest.xml:30:22-78
uses-permission#com.sec.android.provider.badge.permission.READ
ADDED from [com.onesignal:OneSignal:3.10.1] AndroidManifest.xml:32:5-86
	android:name
		ADDED from [com.onesignal:OneSignal:3.10.1] AndroidManifest.xml:32:22-83
uses-permission#com.sec.android.provider.badge.permission.WRITE
ADDED from [com.onesignal:OneSignal:3.10.1] AndroidManifest.xml:33:5-87
	android:name
		ADDED from [com.onesignal:OneSignal:3.10.1] AndroidManifest.xml:33:22-84
uses-permission#com.htc.launcher.permission.READ_SETTINGS
ADDED from [com.onesignal:OneSignal:3.10.1] AndroidManifest.xml:34:5-81
	android:name
		ADDED from [com.onesignal:OneSignal:3.10.1] AndroidManifest.xml:34:22-78
uses-permission#com.htc.launcher.permission.UPDATE_SHORTCUT
ADDED from [com.onesignal:OneSignal:3.10.1] AndroidManifest.xml:35:5-83
	android:name
		ADDED from [com.onesignal:OneSignal:3.10.1] AndroidManifest.xml:35:22-80
uses-permission#com.sonyericsson.home.permission.BROADCAST_BADGE
ADDED from [com.onesignal:OneSignal:3.10.1] AndroidManifest.xml:36:5-88
	android:name
		ADDED from [com.onesignal:OneSignal:3.10.1] AndroidManifest.xml:36:22-85
uses-permission#com.sonymobile.home.permission.PROVIDER_INSERT_BADGE
ADDED from [com.onesignal:OneSignal:3.10.1] AndroidManifest.xml:37:5-92
	android:name
		ADDED from [com.onesignal:OneSignal:3.10.1] AndroidManifest.xml:37:22-89
uses-permission#com.anddoes.launcher.permission.UPDATE_COUNT
ADDED from [com.onesignal:OneSignal:3.10.1] AndroidManifest.xml:38:5-84
	android:name
		ADDED from [com.onesignal:OneSignal:3.10.1] AndroidManifest.xml:38:22-81
uses-permission#com.majeur.launcher.permission.UPDATE_BADGE
ADDED from [com.onesignal:OneSignal:3.10.1] AndroidManifest.xml:39:5-83
	android:name
		ADDED from [com.onesignal:OneSignal:3.10.1] AndroidManifest.xml:39:22-80
uses-permission#com.huawei.android.launcher.permission.CHANGE_BADGE
ADDED from [com.onesignal:OneSignal:3.10.1] AndroidManifest.xml:40:5-91
	android:name
		ADDED from [com.onesignal:OneSignal:3.10.1] AndroidManifest.xml:40:22-88
uses-permission#com.huawei.android.launcher.permission.READ_SETTINGS
ADDED from [com.onesignal:OneSignal:3.10.1] AndroidManifest.xml:41:5-92
	android:name
		ADDED from [com.onesignal:OneSignal:3.10.1] AndroidManifest.xml:41:22-89
uses-permission#com.huawei.android.launcher.permission.WRITE_SETTINGS
ADDED from [com.onesignal:OneSignal:3.10.1] AndroidManifest.xml:42:5-93
	android:name
		ADDED from [com.onesignal:OneSignal:3.10.1] AndroidManifest.xml:42:22-90
uses-permission#android.permission.READ_APP_BADGE
ADDED from [com.onesignal:OneSignal:3.10.1] AndroidManifest.xml:43:5-73
	android:name
		ADDED from [com.onesignal:OneSignal:3.10.1] AndroidManifest.xml:43:22-70
uses-permission#com.oppo.launcher.permission.READ_SETTINGS
ADDED from [com.onesignal:OneSignal:3.10.1] AndroidManifest.xml:44:5-82
	android:name
		ADDED from [com.onesignal:OneSignal:3.10.1] AndroidManifest.xml:44:22-79
uses-permission#com.oppo.launcher.permission.WRITE_SETTINGS
ADDED from [com.onesignal:OneSignal:3.10.1] AndroidManifest.xml:45:5-83
	android:name
		ADDED from [com.onesignal:OneSignal:3.10.1] AndroidManifest.xml:45:22-80
uses-permission#me.everything.badger.permission.BADGE_COUNT_READ
ADDED from [com.onesignal:OneSignal:3.10.1] AndroidManifest.xml:46:5-88
	android:name
		ADDED from [com.onesignal:OneSignal:3.10.1] AndroidManifest.xml:46:22-85
uses-permission#me.everything.badger.permission.BADGE_COUNT_WRITE
ADDED from [com.onesignal:OneSignal:3.10.1] AndroidManifest.xml:47:5-89
	android:name
		ADDED from [com.onesignal:OneSignal:3.10.1] AndroidManifest.xml:47:22-86
meta-data#onesignal_app_id
ADDED from [com.onesignal:OneSignal:3.10.1] AndroidManifest.xml:50:9-52:51
	android:value
		ADDED from [com.onesignal:OneSignal:3.10.1] AndroidManifest.xml:52:13-48
	android:name
		ADDED from [com.onesignal:OneSignal:3.10.1] AndroidManifest.xml:51:13-44
meta-data#onesignal_google_project_number
ADDED from [com.onesignal:OneSignal:3.10.1] AndroidManifest.xml:54:9-56:70
	android:value
		ADDED from [com.onesignal:OneSignal:3.10.1] AndroidManifest.xml:56:13-67
	android:name
		ADDED from [com.onesignal:OneSignal:3.10.1] AndroidManifest.xml:55:13-59
receiver#com.onesignal.GcmBroadcastReceiver
ADDED from [com.onesignal:OneSignal:3.10.1] AndroidManifest.xml:58:9-68:20
	android:permission
		ADDED from [com.onesignal:OneSignal:3.10.1] AndroidManifest.xml:60:13-73
	android:name
		ADDED from [com.onesignal:OneSignal:3.10.1] AndroidManifest.xml:59:13-62
intent-filter#${applicationId}+com.google.android.c2dm.intent.RECEIVE
ADDED from [com.onesignal:OneSignal:3.10.1] AndroidManifest.xml:63:13-67:29
	android:priority
		ADDED from [com.onesignal:OneSignal:3.10.1] AndroidManifest.xml:63:28-50
intent-filter#com.google.android.c2dm.intent.RECEIVE+com.reactnativeworkshop
ADDED from [com.onesignal:OneSignal:3.10.1] AndroidManifest.xml:63:13-67:29
	android:priority
		ADDED from [com.onesignal:OneSignal:3.10.1] AndroidManifest.xml:63:28-50
action#com.google.android.c2dm.intent.RECEIVE
ADDED from [com.onesignal:OneSignal:3.10.1] AndroidManifest.xml:64:17-81
	android:name
		ADDED from [com.onesignal:OneSignal:3.10.1] AndroidManifest.xml:64:25-78
category#${applicationId}
ADDED from [com.onesignal:OneSignal:3.10.1] AndroidManifest.xml:66:17-61
	android:name
		ADDED from [com.onesignal:OneSignal:3.10.1] AndroidManifest.xml:66:27-58
category#com.reactnativeworkshop
ADDED from [com.onesignal:OneSignal:3.10.1] AndroidManifest.xml:66:17-61
	android:name